Using pre-set license
Built from '2020.2/release' branch; Version is '2020.2.2f1 (068178b99f32) revision 426360'; Using compiler version '192528614'; Build Type 'Release'
OS: 'Windows 10 Enterprise; OS build 18363.1556; Version 1909; 64bit' Language: 'en' Physical Memory: 16304 MB
BatchMode: 1, IsHumanControllingUs: 0, StartBugReporterOnCrash: 0, Is64bit: 1, IsPro: 0

 COMMAND LINE ARGUMENTS:
C:\Program Files\Unity\Hub\Editor\2020.2.2f1\Editor\Unity.exe
-adb2
-batchMode
-noUpm
-name
AssetImportWorker0
-projectPath
C:/Users/3bf6da335fa91fd9/Documents/GitHub/3DRPG-2.0/REAL 3D RPG
-logFile
Logs/AssetImportWorker0.log
-srvPort
50561
Successfully changed project path to: C:/Users/3bf6da335fa91fd9/Documents/GitHub/3DRPG-2.0/REAL 3D RPG
C:/Users/3bf6da335fa91fd9/Documents/GitHub/3DRPG-2.0/REAL 3D RPG
Using Asset Import Pipeline V2.
Refreshing native plugins compatible for Editor in 25.60 ms, found 0 plugins.
Preloading 0 native plugins for Editor in 0.00 ms.
Initialize engine version: 2020.2.2f1 (068178b99f32)
[Subsystems] Discovering subsystems at path C:/Program Files/Unity/Hub/Editor/2020.2.2f1/Editor/Data/Resources/UnitySubsystems
[Subsystems] Discovering subsystems at path C:/Users/3bf6da335fa91fd9/Documents/GitHub/3DRPG-2.0/REAL 3D RPG/Assets
GfxDevice: creating device client; threaded=0
Direct3D:
    Version:  Direct3D 11.0 [level 11.0]
    Renderer: NVIDIA Quadro K2200  (ID=0x13ba)
    Vendor:   
    VRAM:     4035 MB
    Driver:   10.18.13.5362
Initialize mono
Mono path[0] = 'C:/Program Files/Unity/Hub/Editor/2020.2.2f1/Editor/Data/Managed'
Mono path[1] = 'C:/Program Files/Unity/Hub/Editor/2020.2.2f1/Editor/Data/MonoBleedingEdge/lib/mono/unityjit'
Mono config path = 'C:/Program Files/Unity/Hub/Editor/2020.2.2f1/Editor/Data/MonoBleedingEdge/etc'
Using monoOptions --debugger-agent=transport=dt_socket,embedding=1,server=y,suspend=n,address=127.0.0.1:56920
Begin MonoManager ReloadAssembly
Registering precompiled unity dll's ...
Register platform support module: C:/Program Files/Unity/Hub/Editor/2020.2.2f1/Editor/Data/PlaybackEngines/WindowsStandaloneSupport/UnityEditor.WindowsStandalone.Extensions.dll
Registered in 0.001611 seconds.
Native extension for WindowsStandalone target not found
Refreshing native plugins compatible for Editor in 25.17 ms, found 0 plugins.
Preloading 0 native plugins for Editor in 0.00 ms.
Invoked RoslynAnalysisRunner static constructor.
RoslynAnalysisRunner will not be running.
RoslynAnalysisRunner has terminated.
Mono: successfully reloaded assembly
- Completed reload, in  1.083 seconds
Platform modules already initialized, skipping
Registering precompiled user dll's ...
Registered in 0.000902 seconds.
Begin MonoManager ReloadAssembly
Native extension for WindowsStandalone target not found
Refreshing native plugins compatible for Editor in 0.23 ms, found 0 plugins.
Preloading 0 native plugins for Editor in 0.00 ms.
Invoked RoslynAnalysisRunner static constructor.
RoslynAnalysisRunner will not be running.
RoslynAnalysisRunner has terminated.
Mono: successfully reloaded assembly
- Completed reload, in  0.991 seconds
Platform modules already initialized, skipping
========================================================================
Worker process is ready to serve import requests
Launched and connected shader compiler UnityShaderCompiler.exe after 0.05 seconds
Refreshing native plugins compatible for Editor in 0.42 ms, found 0 plugins.
Preloading 0 native plugins for Editor in 0.00 ms.
Unloading 1196 Unused Serialized files (Serialized files now loaded: 0)
System memory in use before: 75.6 MB.
System memory in use after: 75.7 MB.

Unloading 9 unused Assets to reduce memory usage. Loaded Objects now: 1664.
Total: 1.700700 ms (FindLiveObjects: 0.128600 ms CreateObjectMapping: 0.035500 ms MarkObjects: 1.431700 ms  DeleteObjects: 0.104200 ms)

========================================================================
Received Import Request.
  path: Assets/Prefab/Shield.prefab
  artifactKey: Guid(4d1cee272937e8743a690b9d9efadcd0) Importer(815301076,1909f56bfc062723c751e8b465ee728b)
Start importing Assets/Prefab/Shield.prefab using Guid(4d1cee272937e8743a690b9d9efadcd0) Importer(815301076,1909f56bfc062723c751e8b465ee728b)  -> (artifact id: '850c1dd9dc71223c4dd34f952ca32d96') in 0.109672 seconds
  Import took 0.111758 seconds .

========================================================================
Received Import Request.
  Time since last request: 5.008791 seconds.
  path: Assets/Prefab/Shield.prefab
  artifactKey: Guid(4d1cee272937e8743a690b9d9efadcd0) Importer(815301076,1909f56bfc062723c751e8b465ee728b)
Start importing Assets/Prefab/Shield.prefab using Guid(4d1cee272937e8743a690b9d9efadcd0) Importer(815301076,1909f56bfc062723c751e8b465ee728b)  -> (artifact id: 'b0d463a7898116d25ff60850e916b8bb') in 0.011536 seconds
  Import took 0.013609 seconds .

========================================================================
Received Import Request.
  Time since last request: 3.489287 seconds.
  path: Assets/Prefab/Shield.prefab
  artifactKey: Guid(4d1cee272937e8743a690b9d9efadcd0) Importer(815301076,1909f56bfc062723c751e8b465ee728b)
Start importing Assets/Prefab/Shield.prefab using Guid(4d1cee272937e8743a690b9d9efadcd0) Importer(815301076,1909f56bfc062723c751e8b465ee728b)  -> (artifact id: '522e134f436b16e4a5fc055b5f41f38b') in 0.018408 seconds
  Import took 0.020778 seconds .

========================================================================
Received Import Request.
  Time since last request: 5.296073 seconds.
  path: Assets/Prefab/Shield.prefab
  artifactKey: Guid(4d1cee272937e8743a690b9d9efadcd0) Importer(815301076,1909f56bfc062723c751e8b465ee728b)
Start importing Assets/Prefab/Shield.prefab using Guid(4d1cee272937e8743a690b9d9efadcd0) Importer(815301076,1909f56bfc062723c751e8b465ee728b)  -> (artifact id: '6cea6f1b21e61392ad674398e7a0a744') in 0.018363 seconds
  Import took 0.020975 seconds .

========================================================================
Received Prepare
Registering precompiled user dll's ...
Registered in 0.000811 seconds.
Begin MonoManager ReloadAssembly
Native extension for WindowsStandalone target not found
Refreshing native plugins compatible for Editor in 0.22 ms, found 0 plugins.
Preloading 0 native plugins for Editor in 0.00 ms.
Invoked RoslynAnalysisRunner static constructor.
RoslynAnalysisRunner will not be running.
RoslynAnalysisRunner has terminated.
Mono: successfully reloaded assembly
- Completed reload, in  0.959 seconds
Platform modules already initialized, skipping
Refreshing native plugins compatible for Editor in 0.41 ms, found 0 plugins.
Preloading 0 native plugins for Editor in 0.00 ms.
Unloading 1164 Unused Serialized files (Serialized files now loaded: 0)
System memory in use before: 76.8 MB.
System memory in use after: 76.9 MB.

Unloading 5 unused Assets to reduce memory usage. Loaded Objects now: 1674.
Total: 1.754200 ms (FindLiveObjects: 0.116800 ms CreateObjectMapping: 0.033400 ms MarkObjects: 1.563500 ms  DeleteObjects: 0.039800 ms)

========================================================================
Received Prepare
Registering precompiled user dll's ...
Registered in 0.000791 seconds.
Begin MonoManager ReloadAssembly
Native extension for WindowsStandalone target not found
Refreshing native plugins compatible for Editor in 0.21 ms, found 0 plugins.
Preloading 0 native plugins for Editor in 0.00 ms.
Invoked RoslynAnalysisRunner static constructor.
RoslynAnalysisRunner will not be running.
RoslynAnalysisRunner has terminated.
Mono: successfully reloaded assembly
- Completed reload, in  0.877 seconds
Platform modules already initialized, skipping
Refreshing native plugins compatible for Editor in 0.25 ms, found 0 plugins.
Preloading 0 native plugins for Editor in 0.00 ms.
Unloading 1164 Unused Serialized files (Serialized files now loaded: 0)
System memory in use before: 77.8 MB.
System memory in use after: 77.9 MB.

Unloading 4 unused Assets to reduce memory usage. Loaded Objects now: 1676.
Total: 1.648300 ms (FindLiveObjects: 0.122800 ms CreateObjectMapping: 0.037900 ms MarkObjects: 1.474300 ms  DeleteObjects: 0.012500 ms)

========================================================================
Received Prepare
Registering precompiled user dll's ...
Registered in 0.000667 seconds.
Begin MonoManager ReloadAssembly
Native extension for WindowsStandalone target not found
Refreshing native plugins compatible for Editor in 0.21 ms, found 0 plugins.
Preloading 0 native plugins for Editor in 0.00 ms.
Invoked RoslynAnalysisRunner static constructor.
RoslynAnalysisRunner will not be running.
RoslynAnalysisRunner has terminated.
Mono: successfully reloaded assembly
- Completed reload, in  0.741 seconds
Platform modules already initialized, skipping
Refreshing native plugins compatible for Editor in 0.27 ms, found 0 plugins.
Preloading 0 native plugins for Editor in 0.00 ms.
Unloading 1164 Unused Serialized files (Serialized files now loaded: 0)
System memory in use before: 77.8 MB.
System memory in use after: 78.0 MB.

Unloading 4 unused Assets to reduce memory usage. Loaded Objects now: 1678.
Total: 1.442500 ms (FindLiveObjects: 0.149400 ms CreateObjectMapping: 0.039900 ms MarkObjects: 1.239900 ms  DeleteObjects: 0.012300 ms)

========================================================================
Received Import Request.
  Time since last request: 896.732543 seconds.
  path: Assets/Assets
  artifactKey: Guid(585a2ab8af89e1c4ead5d84a8ab5bc5b) Importer(815301076,1909f56bfc062723c751e8b465ee728b)
Start importing Assets/Assets using Guid(585a2ab8af89e1c4ead5d84a8ab5bc5b) Importer(815301076,1909f56bfc062723c751e8b465ee728b)  -> (artifact id: 'b8f5b9c32df166a8c48f3da60df0f6bc') in 0.011075 seconds
  Import took 0.013826 seconds .

========================================================================
Received Import Request.
  Time since last request: 3.042108 seconds.
  path: Assets/Assets/StreamingAssets
  artifactKey: Guid(829d0b9413f9b9642b4b3037745e6fd3) Importer(815301076,1909f56bfc062723c751e8b465ee728b)
Start importing Assets/Assets/StreamingAssets using Guid(829d0b9413f9b9642b4b3037745e6fd3) Importer(815301076,1909f56bfc062723c751e8b465ee728b)  -> (artifact id: '93439cb8a5bce2b52211659b02a90a81') in 0.006676 seconds
  Import took 0.008786 seconds .

========================================================================
Received Import Request.
  Time since last request: 3.207104 seconds.
  path: Assets/Assets/Scenes
  artifactKey: Guid(b8a8af19beb294b40b4a4f5838155c48) Importer(815301076,1909f56bfc062723c751e8b465ee728b)
Start importing Assets/Assets/Scenes using Guid(b8a8af19beb294b40b4a4f5838155c48) Importer(815301076,1909f56bfc062723c751e8b465ee728b)  -> (artifact id: '15ab9dd033ea75c379824dad35a82859') in 0.006578 seconds
  Import took 0.008820 seconds .

========================================================================
Received Import Request.
  Time since last request: 0.136964 seconds.
  path: Assets/Assets/Scenes/1270158.png
  artifactKey: Guid(b5d23c060e926714ba56cb0f83e6a61e) Importer(815301076,1909f56bfc062723c751e8b465ee728b)
Start importing Assets/Assets/Scenes/1270158.png using Guid(b5d23c060e926714ba56cb0f83e6a61e) Importer(815301076,1909f56bfc062723c751e8b465ee728b)  -> (artifact id: 'f6247c53a29237b45277d27e881ef529') in 0.093616 seconds
  Import took 0.096317 seconds .

========================================================================
Received Import Request.
  Time since last request: 5.445608 seconds.
  path: Assets/Assets/Assets
  artifactKey: Guid(b7ad182c56098d84994bad134085e5bc) Importer(815301076,1909f56bfc062723c751e8b465ee728b)
Start importing Assets/Assets/Assets using Guid(b7ad182c56098d84994bad134085e5bc) Importer(815301076,1909f56bfc062723c751e8b465ee728b)  -> (artifact id: '8393376380559a589de25c35227d5f7f') in 0.001953 seconds
  Import took 0.004360 seconds .

========================================================================
Received Import Request.
  Time since last request: 0.124756 seconds.
  path: Assets/Assets/Assets/963-9636310_dank-meme-emoji-lmao-deep-fried-mlg-laughing.png
  artifactKey: Guid(60169a8d0a3f16947ac5f29e1adaf99d) Importer(815301076,1909f56bfc062723c751e8b465ee728b)
Start importing Assets/Assets/Assets/963-9636310_dank-meme-emoji-lmao-deep-fried-mlg-laughing.png using Guid(60169a8d0a3f16947ac5f29e1adaf99d) Importer(815301076,1909f56bfc062723c751e8b465ee728b)  -> (artifact id: '7d69f7fe6eefc86e6530c3e031c8e61c') in 0.027505 seconds
  Import took 0.030568 seconds .

========================================================================
Received Import Request.
  Time since last request: 1.840070 seconds.
  path: Assets/Assets/sCRIPTS
  artifactKey: Guid(c40179c1d90c2c04e9ef33813d7dbcc4) Importer(815301076,1909f56bfc062723c751e8b465ee728b)
Start importing Assets/Assets/sCRIPTS using Guid(c40179c1d90c2c04e9ef33813d7dbcc4) Importer(815301076,1909f56bfc062723c751e8b465ee728b)  -> (artifact id: 'e3542fe88e5a312e03b04cfcd5d30afa') in 0.006388 seconds
  Import took 0.008579 seconds .

========================================================================
Received Import Request.
  Time since last request: 0.125651 seconds.
  path: Assets/Assets/sCRIPTS/giphy.gif
  artifactKey: Guid(34ee69fb0c4c21849aa42fc3ef4378b5) Importer(815301076,1909f56bfc062723c751e8b465ee728b)
Start importing Assets/Assets/sCRIPTS/giphy.gif using Guid(34ee69fb0c4c21849aa42fc3ef4378b5) Importer(815301076,1909f56bfc062723c751e8b465ee728b)  -> (artifact id: 'c77df71ca842a75a0e6190ff997ecb85') in 0.020803 seconds
  Import took 0.023149 seconds .

========================================================================
Received Import Request.
  Time since last request: 4.466645 seconds.
  path: Assets/Assets/sCRIPTS/Save
  artifactKey: Guid(0a6b7ba8fd941024b876875d4ed527c8) Importer(815301076,1909f56bfc062723c751e8b465ee728b)
Start importing Assets/Assets/sCRIPTS/Save using Guid(0a6b7ba8fd941024b876875d4ed527c8) Importer(815301076,1909f56bfc062723c751e8b465ee728b)  -> (artifact id: 'bded6bb8ddbcd922caeac7f7ecafc43c') in 0.006389 seconds
  Import took 0.008531 seconds .

========================================================================
Received Import Request.
  Time since last request: 1.576515 seconds.
  path: Assets/Assets/sCRIPTS/Save/Charater.cs
  artifactKey: Guid(d397913be0d39f84a9539aae101387cb) Importer(815301076,1909f56bfc062723c751e8b465ee728b)
Start importing Assets/Assets/sCRIPTS/Save/Charater.cs using Guid(d397913be0d39f84a9539aae101387cb) Importer(815301076,1909f56bfc062723c751e8b465ee728b)  -> (artifact id: 'dd30b03e878b2b338881e7f60fb58a66') in 0.009168 seconds
  Import took 0.011582 seconds .

========================================================================
Received Import Request.
  Time since last request: 0.875690 seconds.
  path: Assets/Assets/sCRIPTS/Save/GameData.cs
  artifactKey: Guid(346dd6f282283f64eb68647d89a68155) Importer(815301076,1909f56bfc062723c751e8b465ee728b)
Start importing Assets/Assets/sCRIPTS/Save/GameData.cs using Guid(346dd6f282283f64eb68647d89a68155) Importer(815301076,1909f56bfc062723c751e8b465ee728b)  -> (artifact id: '5fe1874130545213fc85e193c18754c2') in 0.006518 seconds
  Import took 0.008569 seconds .

========================================================================
Received Import Request.
  Time since last request: 0.407503 seconds.
  path: Assets/Assets/sCRIPTS/Save/SaveLoadSystem.cs
  artifactKey: Guid(06e82c86b6f9dd247a398924477870f0) Importer(815301076,1909f56bfc062723c751e8b465ee728b)
Start importing Assets/Assets/sCRIPTS/Save/SaveLoadSystem.cs using Guid(06e82c86b6f9dd247a398924477870f0) Importer(815301076,1909f56bfc062723c751e8b465ee728b)  -> (artifact id: 'b7b73890450ecc2a529eaeaa61829550') in 0.006571 seconds
  Import took 0.008537 seconds .

========================================================================
Received Import Request.
  Time since last request: 0.000311 seconds.
  path: Assets/Assets/sCRIPTS/Save/SaveLoadSystem.cs
  artifactKey: Guid(06e82c86b6f9dd247a398924477870f0) Importer(815301076,1909f56bfc062723c751e8b465ee728b)
Start importing Assets/Assets/sCRIPTS/Save/SaveLoadSystem.cs using Guid(06e82c86b6f9dd247a398924477870f0) Importer(815301076,1909f56bfc062723c751e8b465ee728b)  -> (artifact id: 'b7b73890450ecc2a529eaeaa61829550') in 0.002417 seconds
  Import took 0.004641 seconds .

========================================================================
Received Import Request.
  Time since last request: 73.545209 seconds.
  path: Assets/StreamingAssets
  artifactKey: Guid(3ed292a9f037fa54a89a1fc7ce24a427) Importer(815301076,1909f56bfc062723c751e8b465ee728b)
Start importing Assets/StreamingAssets using Guid(3ed292a9f037fa54a89a1fc7ce24a427) Importer(815301076,1909f56bfc062723c751e8b465ee728b)  -> (artifact id: 'c82cecbbf654a7f2e17c42743d95caf8') in 0.001979 seconds
  Import took 0.004344 seconds .

========================================================================
Received Import Request.
  Time since last request: 43.101980 seconds.
  path: Assets/TextMesh Pro
  artifactKey: Guid(f54d1bd14bd3ca042bd867b519fee8cc) Importer(815301076,1909f56bfc062723c751e8b465ee728b)
Start importing Assets/TextMesh Pro using Guid(f54d1bd14bd3ca042bd867b519fee8cc) Importer(815301076,1909f56bfc062723c751e8b465ee728b)  -> (artifact id: '0d111526379d29f359fe0c2393f58516') in 0.007081 seconds
  Import took 0.009425 seconds .

========================================================================
Received Import Request.
  Time since last request: 22.107879 seconds.
  path: Assets/Assets/StreamingAssets/gameData.json
  artifactKey: Guid(1ae14344dacfa65478760f4c45ef4bc3) Importer(815301076,1909f56bfc062723c751e8b465ee728b)
Start importing Assets/Assets/StreamingAssets/gameData.json using Guid(1ae14344dacfa65478760f4c45ef4bc3) Importer(815301076,1909f56bfc062723c751e8b465ee728b)  -> (artifact id: '7c5ae980b1eb8143a4fd35d7dac3c2c2') in 0.012950 seconds
  Import took 0.015194 seconds .

========================================================================
Received Prepare
Registering precompiled user dll's ...
Registered in 0.000815 seconds.
Begin MonoManager ReloadAssembly
Native extension for WindowsStandalone target not found
Refreshing native plugins compatible for Editor in 0.24 ms, found 0 plugins.
Preloading 0 native plugins for Editor in 0.00 ms.
Invoked RoslynAnalysisRunner static constructor.
RoslynAnalysisRunner will not be running.
RoslynAnalysisRunner has terminated.
Mono: successfully reloaded assembly
- Completed reload, in  0.793 seconds
Platform modules already initialized, skipping
Refreshing native plugins compatible for Editor in 0.30 ms, found 0 plugins.
Preloading 0 native plugins for Editor in 0.00 ms.
Unloading 1164 Unused Serialized files (Serialized files now loaded: 0)
System memory in use before: 77.8 MB.
System memory in use after: 77.9 MB.

Unloading 4 unused Assets to reduce memory usage. Loaded Objects now: 1688.
Total: 1.489900 ms (FindLiveObjects: 0.113400 ms CreateObjectMapping: 0.032300 ms MarkObjects: 1.331500 ms  DeleteObjects: 0.011800 ms)

========================================================================
Received Prepare
Registering precompiled user dll's ...
Registered in 0.000672 seconds.
Begin MonoManager ReloadAssembly
Native extension for WindowsStandalone target not found
Refreshing native plugins compatible for Editor in 0.24 ms, found 0 plugins.
Preloading 0 native plugins for Editor in 0.00 ms.
Invoked RoslynAnalysisRunner static constructor.
RoslynAnalysisRunner will not be running.
RoslynAnalysisRunner has terminated.
Mono: successfully reloaded assembly
- Completed reload, in  0.785 seconds
Platform modules already initialized, skipping
Refreshing native plugins compatible for Editor in 0.30 ms, found 0 plugins.
Preloading 0 native plugins for Editor in 0.00 ms.
Unloading 1164 Unused Serialized files (Serialized files now loaded: 0)
System memory in use before: 77.9 MB.
System memory in use after: 78.0 MB.

Unloading 4 unused Assets to reduce memory usage. Loaded Objects now: 1690.
Total: 1.605100 ms (FindLiveObjects: 0.179200 ms CreateObjectMapping: 0.051200 ms MarkObjects: 1.361800 ms  DeleteObjects: 0.012100 ms)

========================================================================
Received Prepare
Registering precompiled user dll's ...
Registered in 0.000977 seconds.
Begin MonoManager ReloadAssembly
Native extension for WindowsStandalone target not found
Refreshing native plugins compatible for Editor in 0.21 ms, found 0 plugins.
Preloading 0 native plugins for Editor in 0.00 ms.
Invoked RoslynAnalysisRunner static constructor.
RoslynAnalysisRunner will not be running.
RoslynAnalysisRunner has terminated.
Mono: successfully reloaded assembly
- Completed reload, in  0.732 seconds
Platform modules already initialized, skipping
Refreshing native plugins compatible for Editor in 0.27 ms, found 0 plugins.
Preloading 0 native plugins for Editor in 0.00 ms.
Unloading 1164 Unused Serialized files (Serialized files now loaded: 0)
System memory in use before: 77.9 MB.
System memory in use after: 78.0 MB.

Unloading 4 unused Assets to reduce memory usage. Loaded Objects now: 1692.
Total: 1.844800 ms (FindLiveObjects: 0.154900 ms CreateObjectMapping: 0.044200 ms MarkObjects: 1.628700 ms  DeleteObjects: 0.015700 ms)

========================================================================
Received Import Request.
  Time since last request: 703.944958 seconds.
  path: Assets/Assets/sCRIPTS/AnyKeyDown.cs
  artifactKey: Guid(f81eb65f88d1f5945b8f0de76b3c2a57) Importer(815301076,1909f56bfc062723c751e8b465ee728b)
Start importing Assets/Assets/sCRIPTS/AnyKeyDown.cs using Guid(f81eb65f88d1f5945b8f0de76b3c2a57) Importer(815301076,1909f56bfc062723c751e8b465ee728b)  -> (artifact id: '6701eb5e8d231e212193a16892569b92') in 0.013665 seconds
  Import took 0.016153 seconds .

========================================================================
Received Prepare
Registering precompiled user dll's ...
Registered in 0.000608 seconds.
Begin MonoManager ReloadAssembly
Native extension for WindowsStandalone target not found
Refreshing native plugins compatible for Editor in 0.21 ms, found 0 plugins.
Preloading 0 native plugins for Editor in 0.00 ms.
Invoked RoslynAnalysisRunner static constructor.
RoslynAnalysisRunner will not be running.
RoslynAnalysisRunner has terminated.
Mono: successfully reloaded assembly
- Completed reload, in  0.736 seconds
Platform modules already initialized, skipping
Refreshing native plugins compatible for Editor in 0.27 ms, found 0 plugins.
Preloading 0 native plugins for Editor in 0.00 ms.
Unloading 1164 Unused Serialized files (Serialized files now loaded: 0)
System memory in use before: 77.9 MB.
System memory in use after: 78.0 MB.

Unloading 4 unused Assets to reduce memory usage. Loaded Objects now: 1694.
Total: 1.693900 ms (FindLiveObjects: 0.180600 ms CreateObjectMapping: 0.038700 ms MarkObjects: 1.459300 ms  DeleteObjects: 0.014600 ms)

========================================================================
Received Import Request.
  Time since last request: 185.210131 seconds.
  path: Assets/Assets/sCRIPTS/QualityDropDownScript.cs
  artifactKey: Guid(4838d8c8e18317d4f86fbaeafcfb13b1) Importer(815301076,1909f56bfc062723c751e8b465ee728b)
Start importing Assets/Assets/sCRIPTS/QualityDropDownScript.cs using Guid(4838d8c8e18317d4f86fbaeafcfb13b1) Importer(815301076,1909f56bfc062723c751e8b465ee728b)  -> (artifact id: '2dd5c4a307320a18a5fa196b165bbc31') in 0.008513 seconds
  Import took 0.010635 seconds .

========================================================================
Received Import Request.
  Time since last request: 0.000624 seconds.
  path: Assets/Assets/sCRIPTS/QualityDropDownScript.cs
  artifactKey: Guid(4838d8c8e18317d4f86fbaeafcfb13b1) Importer(815301076,1909f56bfc062723c751e8b465ee728b)
Start importing Assets/Assets/sCRIPTS/QualityDropDownScript.cs using Guid(4838d8c8e18317d4f86fbaeafcfb13b1) Importer(815301076,1909f56bfc062723c751e8b465ee728b)  -> (artifact id: '2dd5c4a307320a18a5fa196b165bbc31') in 0.002517 seconds
  Import took 0.005009 seconds .

========================================================================
Received Import Request.
  Time since last request: 0.440414 seconds.
  path: Assets/Assets/sCRIPTS/ResolutionDropDown.cs
  artifactKey: Guid(f16d169405dcf7a4f8707b4bb9b08eed) Importer(815301076,1909f56bfc062723c751e8b465ee728b)
Start importing Assets/Assets/sCRIPTS/ResolutionDropDown.cs using Guid(f16d169405dcf7a4f8707b4bb9b08eed) Importer(815301076,1909f56bfc062723c751e8b465ee728b)  -> (artifact id: 'a8388a1f11e6a26a5c15530e09ab9417') in 0.008182 seconds
  Import took 0.010808 seconds .

========================================================================
Received Import Request.
  Time since last request: 0.495818 seconds.
  path: Assets/Assets/sCRIPTS/SettingsMenu.cs
  artifactKey: Guid(7a4dd5ff1bc7e0c448a67db7c1b8a409) Importer(815301076,1909f56bfc062723c751e8b465ee728b)
Start importing Assets/Assets/sCRIPTS/SettingsMenu.cs using Guid(7a4dd5ff1bc7e0c448a67db7c1b8a409) Importer(815301076,1909f56bfc062723c751e8b465ee728b)  -> (artifact id: '6209ab1076f09fc28ab251bdaa8f2bb0') in 0.006914 seconds
  Import took 0.009162 seconds .

========================================================================
Received Import Request.
  Time since last request: 0.001422 seconds.
  path: Assets/Assets/sCRIPTS/SettingsMenu.cs
  artifactKey: Guid(7a4dd5ff1bc7e0c448a67db7c1b8a409) Importer(815301076,1909f56bfc062723c751e8b465ee728b)
Start importing Assets/Assets/sCRIPTS/SettingsMenu.cs using Guid(7a4dd5ff1bc7e0c448a67db7c1b8a409) Importer(815301076,1909f56bfc062723c751e8b465ee728b)  -> (artifact id: '6209ab1076f09fc28ab251bdaa8f2bb0') in 0.002921 seconds
  Import took 0.005522 seconds .

========================================================================
Received Import Request.
  Time since last request: 0.884699 seconds.
  path: Assets/Assets/sCRIPTS/StartGame.cs
  artifactKey: Guid(e3b2555211401904fadb92216829601b) Importer(815301076,1909f56bfc062723c751e8b465ee728b)
Start importing Assets/Assets/sCRIPTS/StartGame.cs using Guid(e3b2555211401904fadb92216829601b) Importer(815301076,1909f56bfc062723c751e8b465ee728b)  -> (artifact id: 'debd3a39233f100c3a754e34f56194fe') in 0.007906 seconds
  Import took 0.010258 seconds .

========================================================================
Received Import Request.
  Time since last request: 414.381454 seconds.
  path: Assets/Assets/sCRIPTS/VolumeSlider.cs
  artifactKey: Guid(1ebcd76aee067274cae92822092abeb6) Importer(815301076,1909f56bfc062723c751e8b465ee728b)
Start importing Assets/Assets/sCRIPTS/VolumeSlider.cs using Guid(1ebcd76aee067274cae92822092abeb6) Importer(815301076,1909f56bfc062723c751e8b465ee728b)  -> (artifact id: '2bc5ac3d12405917f7cfbc72637aff90') in 0.008005 seconds
  Import took 0.010644 seconds .

========================================================================
Received Import Request.
  Time since last request: 2.880703 seconds.
  path: Assets/Assets/sCRIPTS/FullScreenMode.cs
  artifactKey: Guid(e50b7da11ba73e54084dffeaef933e63) Importer(815301076,1909f56bfc062723c751e8b465ee728b)
Start importing Assets/Assets/sCRIPTS/FullScreenMode.cs using Guid(e50b7da11ba73e54084dffeaef933e63) Importer(815301076,1909f56bfc062723c751e8b465ee728b)  -> (artifact id: '9b3f0278555b3d36253a7ebd8383f90b') in 0.012549 seconds
  Import took 0.016300 seconds .

========================================================================
Received Prepare
Registering precompiled user dll's ...
Registered in 0.000706 seconds.
Begin MonoManager ReloadAssembly
Native extension for WindowsStandalone target not found
Refreshing native plugins compatible for Editor in 0.21 ms, found 0 plugins.
Preloading 0 native plugins for Editor in 0.00 ms.
Invoked RoslynAnalysisRunner static constructor.
RoslynAnalysisRunner will not be running.
RoslynAnalysisRunner has terminated.
Mono: successfully reloaded assembly
- Completed reload, in  0.799 seconds
Platform modules already initialized, skipping
Refreshing native plugins compatible for Editor in 0.28 ms, found 0 plugins.
Preloading 0 native plugins for Editor in 0.00 ms.
Unloading 1164 Unused Serialized files (Serialized files now loaded: 0)
System memory in use before: 77.9 MB.
System memory in use after: 78.0 MB.

Unloading 4 unused Assets to reduce memory usage. Loaded Objects now: 1696.
Total: 1.733500 ms (FindLiveObjects: 0.188100 ms CreateObjectMapping: 0.051400 ms MarkObjects: 1.480800 ms  DeleteObjects: 0.012400 ms)

========================================================================
Received Prepare
Registering precompiled user dll's ...
Registered in 0.000629 seconds.
Begin MonoManager ReloadAssembly
Native extension for WindowsStandalone target not found
Refreshing native plugins compatible for Editor in 0.21 ms, found 0 plugins.
Preloading 0 native plugins for Editor in 0.00 ms.
Invoked RoslynAnalysisRunner static constructor.
RoslynAnalysisRunner will not be running.
RoslynAnalysisRunner has terminated.
Mono: successfully reloaded assembly
- Completed reload, in  0.750 seconds
Platform modules already initialized, skipping
Refreshing native plugins compatible for Editor in 0.41 ms, found 0 plugins.
Preloading 0 native plugins for Editor in 0.00 ms.
Unloading 1164 Unused Serialized files (Serialized files now loaded: 0)
System memory in use before: 78.7 MB.
System memory in use after: 78.8 MB.

Unloading 4 unused Assets to reduce memory usage. Loaded Objects now: 1698.
Total: 1.612800 ms (FindLiveObjects: 0.119000 ms CreateObjectMapping: 0.032900 ms MarkObjects: 1.446600 ms  DeleteObjects: 0.013400 ms)

AssetImportWorkerClient::OnTransportError - code=2 error=End of file
